<?xml version="1.0" encoding="UTF-8"?>
<testsuite xmlns:xsi="http://www.w3.org/2001/XMLSchema-instance" xsi:noNamespaceSchemaLocation="https://maven.apache.org/surefire/maven-surefire-plugin/xsd/surefire-test-report-3.0.xsd" version="3.0" name="com.bank.infrastructure.persistence.adapter.CuentaRepositoryAdapterIntegrationTest" time="7.421" tests="1" errors="0" skipped="0" failures="0">
  <properties>
[...]
</properties>
  <testcase name="guardarYBuscarCuenta_ok" classname="com.bank.infrastructure.persistence.adapter.CuentaRepositoryAdapterIntegrationTest" time="0.303">
    <system-out><![CDATA[15:27:18.946 [main] INFO org.springframework.test.context.support.AnnotationConfigContextLoaderUtils -- Could not detect default configuration classes for test class [com.bank.infrastructure.persistence.adapter.CuentaRepositoryAdapterIntegrationTest]: CuentaRepositoryAdapterIntegrationTest does not declare any static, non-private, non-final, nested classes annotated with @Configuration.
15:27:19.141 [main] INFO org.springframework.boot.test.context.SpringBootTestContextBootstrapper -- Found @SpringBootConfiguration com.bank.BankHexApplication for test class com.bank.infrastructure.persistence.adapter.CuentaRepositoryAdapterIntegrationTest

  .   ____          _            __ _ _
 /\\ / ___'_ __ _ _(_)_ __  __ _ \ \ \ \
( ( )\___ | '_ | '_| | '_ \/ _` | \ \ \ \
 \\/  ___)| |_)| | | | | || (_| |  ) ) ) )
  '  |____| .__|_| |_|_| |_\__, | / / / /
 =========|_|==============|___/=/_/_/_/
 :: Spring Boot ::                (v3.2.4)

2025-11-30T15:27:19.923-05:00  INFO 18288 --- [           main] a.CuentaRepositoryAdapterIntegrationTest : Starting CuentaRepositoryAdapterIntegrationTest using Java 17.0.17 with PID 18288 (started by Edward in C:\Users\Edward\Downloads\bank_hex_project_with_domain)
2025-11-30T15:27:19.925-05:00  INFO 18288 --- [           main] a.CuentaRepositoryAdapterIntegrationTest : The following 1 profile is active: "test"
2025-11-30T15:27:21.169-05:00  INFO 18288 --- [           main] .s.d.r.c.RepositoryConfigurationDelegate : Bootstrapping Spring Data JPA repositories in DEFAULT mode.
2025-11-30T15:27:21.267-05:00  INFO 18288 --- [           main] .s.d.r.c.RepositoryConfigurationDelegate : Finished Spring Data repository scanning in 83 ms. Found 2 JPA repository interfaces.
2025-11-30T15:27:22.001-05:00  INFO 18288 --- [           main] o.hibernate.jpa.internal.util.LogHelper  : HHH000204: Processing PersistenceUnitInfo [name: default]
2025-11-30T15:27:22.115-05:00  INFO 18288 --- [           main] org.hibernate.Version                    : HHH000412: Hibernate ORM core version 6.4.4.Final
2025-11-30T15:27:22.185-05:00  INFO 18288 --- [           main] o.h.c.internal.RegionFactoryInitiator    : HHH000026: Second-level cache disabled
2025-11-30T15:27:22.408-05:00  INFO 18288 --- [           main] o.s.o.j.p.SpringPersistenceUnitInfo      : No LoadTimeWeaver setup: ignoring JPA class transformer
2025-11-30T15:27:22.467-05:00  INFO 18288 --- [           main] com.zaxxer.hikari.HikariDataSource       : HikariPool-1 - Starting...
2025-11-30T15:27:22.916-05:00  INFO 18288 --- [           main] com.zaxxer.hikari.pool.HikariPool        : HikariPool-1 - Added connection conn0: url=jdbc:h2:mem:bankhexdb user=SA
2025-11-30T15:27:22.921-05:00  INFO 18288 --- [           main] com.zaxxer.hikari.HikariDataSource       : HikariPool-1 - Start completed.
2025-11-30T15:27:24.174-05:00  INFO 18288 --- [           main] o.h.e.t.j.p.i.JtaPlatformInitiator       : HHH000489: No JTA platform available (set 'hibernate.transaction.jta.platform' to enable JTA platform integration)
Hibernate: 
    drop table if exists cuenta cascade 
Hibernate: 
    drop table if exists transaccion cascade 
Hibernate: 
    create table cuenta (
        saldo numeric(38,2) not null,
        id bigint generated by default as identity,
        numero varchar(255) not null unique,
        primary key (id)
    )
Hibernate: 
    create table transaccion (
        monto numeric(38,2),
        fecha timestamp(6),
        id bigint generated by default as identity,
        numero_cuenta varchar(255),
        tipo varchar(255) check (tipo in ('DEPOSITO','RETIRO')),
        primary key (id)
    )
2025-11-30T15:27:24.243-05:00  INFO 18288 --- [           main] j.LocalContainerEntityManagerFactoryBean : Initialized JPA EntityManagerFactory for persistence unit 'default'
2025-11-30T15:27:24.693-05:00  INFO 18288 --- [           main] c.b.d.event.TransaccionEventListener     : ? TransaccionEventListener registrado correctamente en el contexto de Spring
2025-11-30T15:27:24.869-05:00  WARN 18288 --- [           main] JpaBaseConfiguration$JpaWebConfiguration : spring.jpa.open-in-view is enabled by default. Therefore, database queries may be performed during view rendering. Explicitly configure spring.jpa.open-in-view to disable this warning
2025-11-30T15:27:24.911-05:00  WARN 18288 --- [           main] .s.s.UserDetailsServiceAutoConfiguration : 

Using generated security password: 43922416-d8a0-4ba7-b1ba-0e65531d19e0

This generated password is for development use only. Your security configuration must be updated before running your application in production.

2025-11-30T15:27:25.331-05:00  INFO 18288 --- [           main] o.s.s.web.DefaultSecurityFilterChain     : Will secure any request with [org.springframework.security.web.session.DisableEncodeUrlFilter@1c9164f1, org.springframework.security.web.context.request.async.WebAsyncManagerIntegrationFilter@4696e669, org.springframework.security.web.context.SecurityContextHolderFilter@3ea71809, org.springframework.security.web.header.HeaderWriterFilter@ded46ab, org.springframework.web.filter.CorsFilter@582d0b6b, org.springframework.security.web.authentication.logout.LogoutFilter@7f7ac444, com.bank.infrastructure.security.JwtFilter@ff65dc5, org.springframework.security.web.savedrequest.RequestCacheAwareFilter@28434905, org.springframework.security.web.servletapi.SecurityContextHolderAwareRequestFilter@2327173a, org.springframework.security.web.authentication.AnonymousAuthenticationFilter@105e5baf, org.springframework.security.web.session.SessionManagementFilter@2e91c245, org.springframework.security.web.access.ExceptionTranslationFilter@7db05830, org.springframework.security.web.access.intercept.AuthorizationFilter@13b6cd6]
2025-11-30T15:27:25.718-05:00  INFO 18288 --- [           main] o.s.b.a.h2.H2ConsoleAutoConfiguration    : H2 console available at '/h2-console'. Database available at 'jdbc:h2:mem:bankhexdb'
2025-11-30T15:27:25.811-05:00  INFO 18288 --- [           main] a.CuentaRepositoryAdapterIntegrationTest : Started CuentaRepositoryAdapterIntegrationTest in 6.407 seconds (process running for 9.776)
Hibernate: 
    insert 
    into
        cuenta
        (numero, saldo, id) 
    values
        (?, ?, default)
Hibernate: 
    select
        ce1_0.id,
        ce1_0.numero,
        ce1_0.saldo 
    from
        cuenta ce1_0 
    where
        ce1_0.numero=?
]]></system-out>
  </testcase>
</testsuite>